#
# There is insufficient memory for the Java Runtime Environment to continue.
# Native memory allocation (malloc) failed to allocate 751712 bytes. Error detail: Chunk::new
# Possible reasons:
#   The system is out of physical RAM or swap space
#   This process is running with CompressedOops enabled, and the Java Heap may be blocking the growth of the native heap
# Possible solutions:
#   Reduce memory load on the system
#   Increase physical memory or swap space
#   Check if swap backing store is full
#   Decrease Java heap size (-Xmx/-Xms)
#   Decrease number of Java threads
#   Decrease Java thread stack sizes (-Xss)
#   Set larger code cache with -XX:ReservedCodeCacheSize=
#   JVM is running with Unscaled Compressed Oops mode in which the Java heap is
#     placed in the first 4GB address space. The Java Heap base address is the
#     maximum limit for the native heap growth. Please use -XX:HeapBaseMinAddress
#     to set the Java Heap base and to place the Java Heap above 4GB virtual address.
# This output file may be truncated or incomplete.
#
#  Out of Memory Error (arena.cpp:149), pid=7468, tid=7340
#
# JRE version: OpenJDK Runtime Environment (23.0.1+11) (build 23.0.1+11-39)
# Java VM: OpenJDK 64-Bit Server VM (23.0.1+11-39, mixed mode, sharing, tiered, compressed oops, compressed class ptrs, g1 gc, windows-amd64)
# No core dump will be written. Minidumps are not enabled by default on client versions of Windows
#

---------------  S U M M A R Y ------------

Command Line: -Dmaven.multiModuleProjectDirectory=H:\java_practice\blogging_app -Djansi.passthrough=true -Dmaven.home=C:\Users\91993\.m2\wrapper\dists\apache-maven-3.9.9-bin\4nf9hui3q3djbarqar9g711ggc\apache-maven-3.9.9 -Dclassworlds.conf=C:\Users\91993\.m2\wrapper\dists\apache-maven-3.9.9-bin\4nf9hui3q3djbarqar9g711ggc\apache-maven-3.9.9\bin\m2.conf -Dmaven.ext.class.path=C:\Program Files\JetBrains\IntelliJ IDEA Community Edition 2024.2\plugins\maven\lib\maven-event-listener.jar -javaagent:C:\Program Files\JetBrains\IntelliJ IDEA Community Edition 2024.2\lib\idea_rt.jar=65107:C:\Program Files\JetBrains\IntelliJ IDEA Community Edition 2024.2\bin -Dfile.encoding=UTF-8 -Dsun.stdout.encoding=UTF-8 -Dsun.stderr.encoding=UTF-8 org.codehaus.classworlds.Launcher -Didea.version=2024.2 install

Host: Intel(R) Core(TM) i3-8130U CPU @ 2.20GHz, 4 cores, 3G,  Windows 10 , 64 bit Build 19041 (10.0.19041.5198)
Time: Wed Dec 25 00:33:47 2024 India Standard Time elapsed time: 50.344162 seconds (0d 0h 0m 50s)

---------------  T H R E A D  ---------------

Current thread (0x0000018c33c6b2e0):  JavaThread "C2 CompilerThread0" daemon [_thread_in_native, id=7340, stack(0x0000001553900000,0x0000001553a00000) (1024K)]


Current CompileTask:
C2:50344 6566   !   4       com.sun.tools.javac.jvm.ClassReader::classSigToType (530 bytes)

Stack: [0x0000001553900000,0x0000001553a00000]
Native frames: (J=compiled Java code, j=interpreted, Vv=VM code, C=native code)
V  [jvm.dll+0x6e08b9]  (no source info available)
V  [jvm.dll+0x87dc83]  (no source info available)
V  [jvm.dll+0x88010e]  (no source info available)
V  [jvm.dll+0x8807e3]  (no source info available)
V  [jvm.dll+0x27aee6]  (no source info available)
V  [jvm.dll+0xbc06f]  (no source info available)
V  [jvm.dll+0xbc2cb]  (no source info available)
V  [jvm.dll+0x3b3a9c]  (no source info available)
V  [jvm.dll+0x1dc03c]  (no source info available)
V  [jvm.dll+0x244be5]  (no source info available)
V  [jvm.dll+0x243dff]  (no source info available)
V  [jvm.dll+0x1c33a0]  (no source info available)
V  [jvm.dll+0x253cf1]  (no source info available)
V  [jvm.dll+0x251faa]  (no source info available)
V  [jvm.dll+0x3ee036]  (no source info available)
V  [jvm.dll+0x824f8b]  (no source info available)
V  [jvm.dll+0x6df065]  (no source info available)
C  [ucrtbase.dll+0x21bb2]  (no source info available)
C  [KERNEL32.DLL+0x17374]  (no source info available)
C  [ntdll.dll+0x4cc91]  (no source info available)

Lock stack of current Java thread (top to bottom):


---------------  P R O C E S S  ---------------

Threads class SMR info:
_java_thread_list=0x0000018c79ff4b50, length=13, elements={
0x0000018c16b06c80, 0x0000018c33c60d30, 0x0000018c33c61790, 0x0000018c33c64200,
0x0000018c33c66c70, 0x0000018c33c676d0, 0x0000018c33c6a140, 0x0000018c33c6b2e0,
0x0000018c33ca2bc0, 0x0000018c790837f0, 0x0000018c791a02f0, 0x0000018c791a4400,
0x0000018c7a3df6f0
}

Java Threads: ( => current thread )
  0x0000018c16b06c80 JavaThread "main"                              [_thread_in_vm, id=2524, stack(0x0000001552b00000,0x0000001552c00000) (1024K)]
  0x0000018c33c60d30 JavaThread "Reference Handler"          daemon [_thread_blocked, id=12552, stack(0x0000001553300000,0x0000001553400000) (1024K)]
  0x0000018c33c61790 JavaThread "Finalizer"                  daemon [_thread_blocked, id=11940, stack(0x0000001553400000,0x0000001553500000) (1024K)]
  0x0000018c33c64200 JavaThread "Signal Dispatcher"          daemon [_thread_blocked, id=6676, stack(0x0000001553500000,0x0000001553600000) (1024K)]
  0x0000018c33c66c70 JavaThread "Attach Listener"            daemon [_thread_blocked, id=16528, stack(0x0000001553600000,0x0000001553700000) (1024K)]
  0x0000018c33c676d0 JavaThread "Service Thread"             daemon [_thread_blocked, id=376, stack(0x0000001553700000,0x0000001553800000) (1024K)]
  0x0000018c33c6a140 JavaThread "Monitor Deflation Thread"   daemon [_thread_blocked, id=12068, stack(0x0000001553800000,0x0000001553900000) (1024K)]
=>0x0000018c33c6b2e0 JavaThread "C2 CompilerThread0"         daemon [_thread_in_native, id=7340, stack(0x0000001553900000,0x0000001553a00000) (1024K)]
  0x0000018c33ca2bc0 JavaThread "C1 CompilerThread0"         daemon [_thread_blocked, id=2636, stack(0x0000001553a00000,0x0000001553b00000) (1024K)]
  0x0000018c790837f0 JavaThread "Common-Cleaner"             daemon [_thread_blocked, id=6972, stack(0x0000001553b00000,0x0000001553c00000) (1024K)]
  0x0000018c791a02f0 JavaThread "Monitor Ctrl-Break"         daemon [_thread_in_native, id=16000, stack(0x0000001553c00000,0x0000001553d00000) (1024K)]
  0x0000018c791a4400 JavaThread "Notification Thread"        daemon [_thread_blocked, id=2196, stack(0x0000001553d00000,0x0000001553e00000) (1024K)]
  0x0000018c7a3df6f0 JavaThread "Thread-1"                   daemon [_thread_blocked, id=15456, stack(0x0000001554100000,0x0000001554200000) (1024K)]
Total: 13

Other Threads:
  0x0000018c33c4c750 VMThread "VM Thread"                           [id=14752, stack(0x0000001553200000,0x0000001553300000) (1024K)]
  0x0000018c33c3a030 WatcherThread "VM Periodic Task Thread"        [id=5472, stack(0x0000001553100000,0x0000001553200000) (1024K)]
  0x0000018c18eaa330 WorkerThread "GC Thread#0"                     [id=11776, stack(0x0000001552c00000,0x0000001552d00000) (1024K)]
  0x0000018c7951f130 WorkerThread "GC Thread#1"                     [id=2796, stack(0x0000001553e00000,0x0000001553f00000) (1024K)]
  0x0000018c79a47040 WorkerThread "GC Thread#2"                     [id=6944, stack(0x0000001553f00000,0x0000001554000000) (1024K)]
  0x0000018c79aa7490 WorkerThread "GC Thread#3"                     [id=15388, stack(0x0000001554000000,0x0000001554100000) (1024K)]
  0x0000018c18eb3d00 ConcurrentGCThread "G1 Main Marker"            [id=16284, stack(0x0000001552d00000,0x0000001552e00000) (1024K)]
  0x0000018c18eb4810 WorkerThread "G1 Conc#0"                       [id=1896, stack(0x0000001552e00000,0x0000001552f00000) (1024K)]
  0x0000018c18ef8ab0 ConcurrentGCThread "G1 Refine#0"               [id=3584, stack(0x0000001552f00000,0x0000001553000000) (1024K)]
  0x0000018c16acfea0 ConcurrentGCThread "G1 Service"                [id=12524, stack(0x0000001553000000,0x0000001553100000) (1024K)]
Total: 10

Threads with active compile tasks:
C2 CompilerThread0  51496 6566   !   4       com.sun.tools.javac.jvm.ClassReader::classSigToType (530 bytes)
Total: 1

VM state: not at safepoint (normal execution)

VM Mutex/Monitor currently owned by a thread: None

Heap address: 0x00000000c9000000, size: 880 MB, Compressed Oops mode: 32-bit

CDS archive(s) mapped at: [0x0000018c34000000-0x0000018c34d70000-0x0000018c34d70000), size 14090240, SharedBaseAddress: 0x0000018c34000000, ArchiveRelocationMode: 1.
Compressed class space mapped at: 0x0000018c35000000-0x0000018c75000000, reserved size: 1073741824
Narrow klass base: 0x0000018c34000000, Narrow klass shift: 0, Narrow klass range: 0x41000000

GC Precious Log:
 CardTable entry size: 512
 Card Set container configuration: InlinePtr #cards 5 size 8 Array Of Cards #cards 10 size 36 Howl #buckets 4 coarsen threshold 1843 Howl Bitmap #cards 512 size 80 coarsen threshold 460 Card regions per heap region 1 cards per card region 2048
 CPUs: 4 total, 4 available
 Memory: 3515M
 Large Page Support: Disabled
 NUMA Support: Disabled
 Compressed Oops: Enabled (32-bit)
 Heap Region Size: 1M
 Heap Min Capacity: 8M
 Heap Initial Capacity: 56M
 Heap Max Capacity: 880M
 Pre-touch: Disabled
 Parallel Workers: 4
 Concurrent Workers: 1
 Concurrent Refinement Workers: 4
 Periodic GC: Disabled

Heap:
 garbage-first heap   total reserved 901120K, committed 176128K, used 105262K [0x00000000c9000000, 0x0000000100000000)
  region size 1024K, 83 young (84992K), 3 survivors (3072K)
 Metaspace       used 28533K, committed 28864K, reserved 1114112K
  class space    used 3332K, committed 3456K, reserved 1048576K

Heap Regions: E=young(eden), S=young(survivor), O=old, HS=humongous(starts), HC=humongous(continues), CS=collection set, F=free, TAMS=top-at-mark-start, PB=parsable bottom
|   0|0x00000000c9000000, 0x00000000c9100000, 0x00000000c9100000|100%| O|  |TAMS 0x00000000c9000000| PB 0x00000000c9000000| Untracked |  0
|   1|0x00000000c9100000, 0x00000000c9200000, 0x00000000c9200000|100%| O|  |TAMS 0x00000000c9100000| PB 0x00000000c9100000| Untracked |  0
|   2|0x00000000c9200000, 0x00000000c9300000, 0x00000000c9300000|100%| O|  |TAMS 0x00000000c9200000| PB 0x00000000c9200000| Untracked |  0
|   3|0x00000000c9300000, 0x00000000c9400000, 0x00000000c9400000|100%| O|  |TAMS 0x00000000c9300000| PB 0x00000000c9300000| Untracked |  0
|   4|0x00000000c9400000, 0x00000000c9500000, 0x00000000c9500000|100%| O|  |TAMS 0x00000000c9400000| PB 0x00000000c9400000| Untracked |  0
|   5|0x00000000c9500000, 0x00000000c9600000, 0x00000000c9600000|100%| O|  |TAMS 0x00000000c9500000| PB 0x00000000c9500000| Untracked |  0
|   6|0x00000000c9600000, 0x00000000c9700000, 0x00000000c9700000|100%| O|  |TAMS 0x00000000c9600000| PB 0x00000000c9600000| Untracked |  0
|   7|0x00000000c9700000, 0x00000000c9800000, 0x00000000c9800000|100%| O|  |TAMS 0x00000000c9700000| PB 0x00000000c9700000| Untracked |  0
|   8|0x00000000c9800000, 0x00000000c9900000, 0x00000000c9900000|100%| O|  |TAMS 0x00000000c9800000| PB 0x00000000c9800000| Untracked |  0
|   9|0x00000000c9900000, 0x00000000c9a00000, 0x00000000c9a00000|100%| O|  |TAMS 0x00000000c9900000| PB 0x00000000c9900000| Untracked |  0
|  10|0x00000000c9a00000, 0x00000000c9b00000, 0x00000000c9b00000|100%| O|  |TAMS 0x00000000c9a00000| PB 0x00000000c9a00000| Untracked |  0
|  11|0x00000000c9b00000, 0x00000000c9c00000, 0x00000000c9c00000|100%| O|  |TAMS 0x00000000c9b00000| PB 0x00000000c9b00000| Untracked |  0
|  12|0x00000000c9c00000, 0x00000000c9d00000, 0x00000000c9d00000|100%| O|  |TAMS 0x00000000c9c00000| PB 0x00000000c9c00000| Untracked |  0
|  13|0x00000000c9d00000, 0x00000000c9e00000, 0x00000000c9e00000|100%| O|  |TAMS 0x00000000c9d00000| PB 0x00000000c9d00000| Untracked |  0
|  14|0x00000000c9e00000, 0x00000000c9f00000, 0x00000000c9f00000|100%| O|Cm|TAMS 0x00000000c9e00000| PB 0x00000000c9e00000| Complete |  0
|  15|0x00000000c9f00000, 0x00000000ca000000, 0x00000000ca000000|100%|HS|  |TAMS 0x00000000c9f00000| PB 0x00000000c9f00000| Complete |  0
|  16|0x00000000ca000000, 0x00000000ca100000, 0x00000000ca100000|100%|HC|  |TAMS 0x00000000ca000000| PB 0x00000000ca000000| Complete |  0
|  17|0x00000000ca100000, 0x00000000ca200000, 0x00000000ca200000|100%|HS|  |TAMS 0x00000000ca100000| PB 0x00000000ca100000| Complete |  0
|  18|0x00000000ca200000, 0x00000000ca300000, 0x00000000ca300000|100%|HC|  |TAMS 0x00000000ca200000| PB 0x00000000ca200000| Complete |  0
|  19|0x00000000ca300000, 0x00000000ca400000, 0x00000000ca400000|100%|HS|  |TAMS 0x00000000ca300000| PB 0x00000000ca300000| Complete |  0
|  20|0x00000000ca400000, 0x00000000ca500000, 0x00000000ca500000|100%|HS|  |TAMS 0x00000000ca400000| PB 0x00000000ca400000| Complete |  0
|  21|0x00000000ca500000, 0x00000000ca500000, 0x00000000ca600000|  0%| F|  |TAMS 0x00000000ca500000| PB 0x00000000ca500000| Untracked |  0
|  22|0x00000000ca600000, 0x00000000ca600000, 0x00000000ca700000|  0%| F|  |TAMS 0x00000000ca600000| PB 0x00000000ca600000| Untracked |  0
|  23|0x00000000ca700000, 0x00000000ca800000, 0x00000000ca800000|100%| O|  |TAMS 0x00000000ca700000| PB 0x00000000ca700000| Untracked |  0
|  24|0x00000000ca800000, 0x00000000ca8466c0, 0x00000000ca900000| 27%| O|  |TAMS 0x00000000ca800000| PB 0x00000000ca800000| Untracked |  0
|  25|0x00000000ca900000, 0x00000000ca900000, 0x00000000caa00000|  0%| F|  |TAMS 0x00000000ca900000| PB 0x00000000ca900000| Untracked |  0
|  26|0x00000000caa00000, 0x00000000caa00000, 0x00000000cab00000|  0%| F|  |TAMS 0x00000000caa00000| PB 0x00000000caa00000| Untracked |  0
|  27|0x00000000cab00000, 0x00000000cab00000, 0x00000000cac00000|  0%| F|  |TAMS 0x00000000cab00000| PB 0x00000000cab00000| Untracked |  0
|  28|0x00000000cac00000, 0x00000000cac00000, 0x00000000cad00000|  0%| F|  |TAMS 0x00000000cac00000| PB 0x00000000cac00000| Untracked |  0
|  29|0x00000000cad00000, 0x00000000cad00000, 0x00000000cae00000|  0%| F|  |TAMS 0x00000000cad00000| PB 0x00000000cad00000| Untracked |  0
|  30|0x00000000cae00000, 0x00000000cae00000, 0x00000000caf00000|  0%| F|  |TAMS 0x00000000cae00000| PB 0x00000000cae00000| Untracked |  0
|  31|0x00000000caf00000, 0x00000000caf00000, 0x00000000cb000000|  0%| F|  |TAMS 0x00000000caf00000| PB 0x00000000caf00000| Untracked |  0
|  32|0x00000000cb000000, 0x00000000cb000000, 0x00000000cb100000|  0%| F|  |TAMS 0x00000000cb000000| PB 0x00000000cb000000| Untracked |  0
|  33|0x00000000cb100000, 0x00000000cb100000, 0x00000000cb200000|  0%| F|  |TAMS 0x00000000cb100000| PB 0x00000000cb100000| Untracked |  0
|  34|0x00000000cb200000, 0x00000000cb200000, 0x00000000cb300000|  0%| F|  |TAMS 0x00000000cb200000| PB 0x00000000cb200000| Untracked |  0
|  35|0x00000000cb300000, 0x00000000cb300000, 0x00000000cb400000|  0%| F|  |TAMS 0x00000000cb300000| PB 0x00000000cb300000| Untracked |  0
|  36|0x00000000cb400000, 0x00000000cb400000, 0x00000000cb500000|  0%| F|  |TAMS 0x00000000cb400000| PB 0x00000000cb400000| Untracked |  0
|  37|0x00000000cb500000, 0x00000000cb500000, 0x00000000cb600000|  0%| F|  |TAMS 0x00000000cb500000| PB 0x00000000cb500000| Untracked |  0
|  38|0x00000000cb600000, 0x00000000cb600000, 0x00000000cb700000|  0%| F|  |TAMS 0x00000000cb600000| PB 0x00000000cb600000| Untracked |  0
|  39|0x00000000cb700000, 0x00000000cb700000, 0x00000000cb800000|  0%| F|  |TAMS 0x00000000cb700000| PB 0x00000000cb700000| Untracked |  0
|  40|0x00000000cb800000, 0x00000000cb800000, 0x00000000cb900000|  0%| F|  |TAMS 0x00000000cb800000| PB 0x00000000cb800000| Untracked |  0
|  41|0x00000000cb900000, 0x00000000cb900000, 0x00000000cba00000|  0%| F|  |TAMS 0x00000000cb900000| PB 0x00000000cb900000| Untracked |  0
|  42|0x00000000cba00000, 0x00000000cba00000, 0x00000000cbb00000|  0%| F|  |TAMS 0x00000000cba00000| PB 0x00000000cba00000| Untracked |  0
|  43|0x00000000cbb00000, 0x00000000cbb00000, 0x00000000cbc00000|  0%| F|  |TAMS 0x00000000cbb00000| PB 0x00000000cbb00000| Untracked |  0
|  44|0x00000000cbc00000, 0x00000000cbc00000, 0x00000000cbd00000|  0%| F|  |TAMS 0x00000000cbc00000| PB 0x00000000cbc00000| Untracked |  0
|  45|0x00000000cbd00000, 0x00000000cbd00000, 0x00000000cbe00000|  0%| F|  |TAMS 0x00000000cbd00000| PB 0x00000000cbd00000| Untracked |  0
|  46|0x00000000cbe00000, 0x00000000cbe00000, 0x00000000cbf00000|  0%| F|  |TAMS 0x00000000cbe00000| PB 0x00000000cbe00000| Untracked |  0
|  47|0x00000000cbf00000, 0x00000000cbf00000, 0x00000000cc000000|  0%| F|  |TAMS 0x00000000cbf00000| PB 0x00000000cbf00000| Untracked |  0
|  48|0x00000000cc000000, 0x00000000cc000000, 0x00000000cc100000|  0%| F|  |TAMS 0x00000000cc000000| PB 0x00000000cc000000| Untracked |  0
|  49|0x00000000cc100000, 0x00000000cc100000, 0x00000000cc200000|  0%| F|  |TAMS 0x00000000cc100000| PB 0x00000000cc100000| Untracked |  0
|  50|0x00000000cc200000, 0x00000000cc200000, 0x00000000cc300000|  0%| F|  |TAMS 0x00000000cc200000| PB 0x00000000cc200000| Untracked |  0
|  51|0x00000000cc300000, 0x00000000cc300000, 0x00000000cc400000|  0%| F|  |TAMS 0x00000000cc300000| PB 0x00000000cc300000| Untracked |  0
|  52|0x00000000cc400000, 0x00000000cc400000, 0x00000000cc500000|  0%| F|  |TAMS 0x00000000cc400000| PB 0x00000000cc400000| Untracked |  0
|  53|0x00000000cc500000, 0x00000000cc500000, 0x00000000cc600000|  0%| F|  |TAMS 0x00000000cc500000| PB 0x00000000cc500000| Untracked |  0
|  54|0x00000000cc600000, 0x00000000cc600000, 0x00000000cc700000|  0%| F|  |TAMS 0x00000000cc600000| PB 0x00000000cc600000| Untracked |  0
|  55|0x00000000cc700000, 0x00000000cc700000, 0x00000000cc800000|  0%| F|  |TAMS 0x00000000cc700000| PB 0x00000000cc700000| Untracked |  0
|  56|0x00000000cc800000, 0x00000000cc800000, 0x00000000cc900000|  0%| F|  |TAMS 0x00000000cc800000| PB 0x00000000cc800000| Untracked |  0
|  57|0x00000000cc900000, 0x00000000cc900000, 0x00000000cca00000|  0%| F|  |TAMS 0x00000000cc900000| PB 0x00000000cc900000| Untracked |  0
|  58|0x00000000cca00000, 0x00000000cca00000, 0x00000000ccb00000|  0%| F|  |TAMS 0x00000000cca00000| PB 0x00000000cca00000| Untracked |  0
|  59|0x00000000ccb00000, 0x00000000ccb00000, 0x00000000ccc00000|  0%| F|  |TAMS 0x00000000ccb00000| PB 0x00000000ccb00000| Untracked |  0
|  60|0x00000000ccc00000, 0x00000000ccc00000, 0x00000000ccd00000|  0%| F|  |TAMS 0x00000000ccc00000| PB 0x00000000ccc00000| Untracked |  0
|  61|0x00000000ccd00000, 0x00000000ccd00000, 0x00000000cce00000|  0%| F|  |TAMS 0x00000000ccd00000| PB 0x00000000ccd00000| Untracked |  0
|  62|0x00000000cce00000, 0x00000000cce00000, 0x00000000ccf00000|  0%| F|  |TAMS 0x00000000cce00000| PB 0x00000000cce00000| Untracked |  0
|  63|0x00000000ccf00000, 0x00000000ccf00000, 0x00000000cd000000|  0%| F|  |TAMS 0x00000000ccf00000| PB 0x00000000ccf00000| Untracked |  0
|  64|0x00000000cd000000, 0x00000000cd000000, 0x00000000cd100000|  0%| F|  |TAMS 0x00000000cd000000| PB 0x00000000cd000000| Untracked |  0
|  65|0x00000000cd100000, 0x00000000cd100000, 0x00000000cd200000|  0%| F|  |TAMS 0x00000000cd100000| PB 0x00000000cd100000| Untracked |  0
|  66|0x00000000cd200000, 0x00000000cd200000, 0x00000000cd300000|  0%| F|  |TAMS 0x00000000cd200000| PB 0x00000000cd200000| Untracked |  0
|  67|0x00000000cd300000, 0x00000000cd300000, 0x00000000cd400000|  0%| F|  |TAMS 0x00000000cd300000| PB 0x00000000cd300000| Untracked |  0
|  68|0x00000000cd400000, 0x00000000cd400000, 0x00000000cd500000|  0%| F|  |TAMS 0x00000000cd400000| PB 0x00000000cd400000| Untracked |  0
|  69|0x00000000cd500000, 0x00000000cd500000, 0x00000000cd600000|  0%| F|  |TAMS 0x00000000cd500000| PB 0x00000000cd500000| Untracked |  0
|  70|0x00000000cd600000, 0x00000000cd600000, 0x00000000cd700000|  0%| F|  |TAMS 0x00000000cd600000| PB 0x00000000cd600000| Untracked |  0
|  71|0x00000000cd700000, 0x00000000cd700000, 0x00000000cd800000|  0%| F|  |TAMS 0x00000000cd700000| PB 0x00000000cd700000| Untracked |  0
|  72|0x00000000cd800000, 0x00000000cd800000, 0x00000000cd900000|  0%| F|  |TAMS 0x00000000cd800000| PB 0x00000000cd800000| Untracked |  0
|  73|0x00000000cd900000, 0x00000000cd900000, 0x00000000cda00000|  0%| F|  |TAMS 0x00000000cd900000| PB 0x00000000cd900000| Untracked |  0
|  74|0x00000000cda00000, 0x00000000cda00000, 0x00000000cdb00000|  0%| F|  |TAMS 0x00000000cda00000| PB 0x00000000cda00000| Untracked |  0
|  75|0x00000000cdb00000, 0x00000000cdb00000, 0x00000000cdc00000|  0%| F|  |TAMS 0x00000000cdb00000| PB 0x00000000cdb00000| Untracked |  0
|  76|0x00000000cdc00000, 0x00000000cdc00000, 0x00000000cdd00000|  0%| F|  |TAMS 0x00000000cdc00000| PB 0x00000000cdc00000| Untracked |  0
|  77|0x00000000cdd00000, 0x00000000cdd00000, 0x00000000cde00000|  0%| F|  |TAMS 0x00000000cdd00000| PB 0x00000000cdd00000| Untracked |  0
|  78|0x00000000cde00000, 0x00000000cde00000, 0x00000000cdf00000|  0%| F|  |TAMS 0x00000000cde00000| PB 0x00000000cde00000| Untracked |  0
|  79|0x00000000cdf00000, 0x00000000cdf00000, 0x00000000ce000000|  0%| F|  |TAMS 0x00000000cdf00000| PB 0x00000000cdf00000| Untracked |  0
|  80|0x00000000ce000000, 0x00000000ce000000, 0x00000000ce100000|  0%| F|  |TAMS 0x00000000ce000000| PB 0x00000000ce000000| Untracked |  0
|  81|0x00000000ce100000, 0x00000000ce100000, 0x00000000ce200000|  0%| F|  |TAMS 0x00000000ce100000| PB 0x00000000ce100000| Untracked |  0
|  82|0x00000000ce200000, 0x00000000ce200000, 0x00000000ce300000|  0%| F|  |TAMS 0x00000000ce200000| PB 0x00000000ce200000| Untracked |  0
|  83|0x00000000ce300000, 0x00000000ce300000, 0x00000000ce400000|  0%| F|  |TAMS 0x00000000ce300000| PB 0x00000000ce300000| Untracked |  0
|  84|0x00000000ce400000, 0x00000000ce400000, 0x00000000ce500000|  0%| F|  |TAMS 0x00000000ce400000| PB 0x00000000ce400000| Untracked |  0
|  85|0x00000000ce500000, 0x00000000ce500000, 0x00000000ce600000|  0%| F|  |TAMS 0x00000000ce500000| PB 0x00000000ce500000| Untracked |  0
|  86|0x00000000ce600000, 0x00000000ce600000, 0x00000000ce700000|  0%| F|  |TAMS 0x00000000ce600000| PB 0x00000000ce600000| Untracked |  0
|  87|0x00000000ce700000, 0x00000000ce700000, 0x00000000ce800000|  0%| F|  |TAMS 0x00000000ce700000| PB 0x00000000ce700000| Untracked |  0
|  88|0x00000000ce800000, 0x00000000ce800000, 0x00000000ce900000|  0%| F|  |TAMS 0x00000000ce800000| PB 0x00000000ce800000| Untracked |  0
|  89|0x00000000ce900000, 0x00000000cea00000, 0x00000000cea00000|100%| E|  |TAMS 0x00000000ce900000| PB 0x00000000ce900000| Complete |  1
|  90|0x00000000cea00000, 0x00000000ceb00000, 0x00000000ceb00000|100%| E|CS|TAMS 0x00000000cea00000| PB 0x00000000cea00000| Complete |  0
|  91|0x00000000ceb00000, 0x00000000cec00000, 0x00000000cec00000|100%| E|CS|TAMS 0x00000000ceb00000| PB 0x00000000ceb00000| Complete |  0
|  92|0x00000000cec00000, 0x00000000ced00000, 0x00000000ced00000|100%| E|CS|TAMS 0x00000000cec00000| PB 0x00000000cec00000| Complete |  0
|  93|0x00000000ced00000, 0x00000000cee00000, 0x00000000cee00000|100%| E|CS|TAMS 0x00000000ced00000| PB 0x00000000ced00000| Complete |  0
|  94|0x00000000cee00000, 0x00000000cef00000, 0x00000000cef00000|100%| E|CS|TAMS 0x00000000cee00000| PB 0x00000000cee00000| Complete |  0
|  95|0x00000000cef00000, 0x00000000cf000000, 0x00000000cf000000|100%| E|CS|TAMS 0x00000000cef00000| PB 0x00000000cef00000| Complete |  0
|  96|0x00000000cf000000, 0x00000000cf100000, 0x00000000cf100000|100%| E|CS|TAMS 0x00000000cf000000| PB 0x00000000cf000000| Complete |  0
|  97|0x00000000cf100000, 0x00000000cf200000, 0x00000000cf200000|100%| E|CS|TAMS 0x00000000cf100000| PB 0x00000000cf100000| Complete |  0
|  98|0x00000000cf200000, 0x00000000cf300000, 0x00000000cf300000|100%| E|CS|TAMS 0x00000000cf200000| PB 0x00000000cf200000| Complete |  0
|  99|0x00000000cf300000, 0x00000000cf400000, 0x00000000cf400000|100%| E|CS|TAMS 0x00000000cf300000| PB 0x00000000cf300000| Complete |  0
| 100|0x00000000cf400000, 0x00000000cf500000, 0x00000000cf500000|100%| E|CS|TAMS 0x00000000cf400000| PB 0x00000000cf400000| Complete |  0
| 101|0x00000000cf500000, 0x00000000cf600000, 0x00000000cf600000|100%| E|CS|TAMS 0x00000000cf500000| PB 0x00000000cf500000| Complete |  0
| 102|0x00000000cf600000, 0x00000000cf700000, 0x00000000cf700000|100%| E|CS|TAMS 0x00000000cf600000| PB 0x00000000cf600000| Complete |  0
| 103|0x00000000cf700000, 0x00000000cf800000, 0x00000000cf800000|100%| E|CS|TAMS 0x00000000cf700000| PB 0x00000000cf700000| Complete |  0
| 104|0x00000000cf800000, 0x00000000cf900000, 0x00000000cf900000|100%| E|CS|TAMS 0x00000000cf800000| PB 0x00000000cf800000| Complete |  0
| 105|0x00000000cf900000, 0x00000000cfa00000, 0x00000000cfa00000|100%| E|CS|TAMS 0x00000000cf900000| PB 0x00000000cf900000| Complete |  0
| 106|0x00000000cfa00000, 0x00000000cfb00000, 0x00000000cfb00000|100%| E|CS|TAMS 0x00000000cfa00000| PB 0x00000000cfa00000| Complete |  0
| 107|0x00000000cfb00000, 0x00000000cfc00000, 0x00000000cfc00000|100%| E|CS|TAMS 0x00000000cfb00000| PB 0x00000000cfb00000| Complete |  0
| 108|0x00000000cfc00000, 0x00000000cfd00000, 0x00000000cfd00000|100%| E|CS|TAMS 0x00000000cfc00000| PB 0x00000000cfc00000| Complete |  0
| 109|0x00000000cfd00000, 0x00000000cfe00000, 0x00000000cfe00000|100%| E|CS|TAMS 0x00000000cfd00000| PB 0x00000000cfd00000| Complete |  0
| 110|0x00000000cfe00000, 0x00000000cff00000, 0x00000000cff00000|100%| E|CS|TAMS 0x00000000cfe00000| PB 0x00000000cfe00000| Complete |  0
| 111|0x00000000cff00000, 0x00000000d0000000, 0x00000000d0000000|100%| E|CS|TAMS 0x00000000cff00000| PB 0x00000000cff00000| Complete |  0
| 112|0x00000000d0000000, 0x00000000d0100000, 0x00000000d0100000|100%| E|CS|TAMS 0x00000000d0000000| PB 0x00000000d0000000| Complete |  0
| 113|0x00000000d0100000, 0x00000000d0200000, 0x00000000d0200000|100%| E|CS|TAMS 0x00000000d0100000| PB 0x00000000d0100000| Complete |  0
| 114|0x00000000d0200000, 0x00000000d0300000, 0x00000000d0300000|100%| E|CS|TAMS 0x00000000d0200000| PB 0x00000000d0200000| Complete |  0
| 115|0x00000000d0300000, 0x00000000d0400000, 0x00000000d0400000|100%| E|CS|TAMS 0x00000000d0300000| PB 0x00000000d0300000| Complete |  0
| 116|0x00000000d0400000, 0x00000000d0500000, 0x00000000d0500000|100%| E|CS|TAMS 0x00000000d0400000| PB 0x00000000d0400000| Complete |  0
| 117|0x00000000d0500000, 0x00000000d0600000, 0x00000000d0600000|100%| E|CS|TAMS 0x00000000d0500000| PB 0x00000000d0500000| Complete |  0
| 118|0x00000000d0600000, 0x00000000d0700000, 0x00000000d0700000|100%| E|CS|TAMS 0x00000000d0600000| PB 0x00000000d0600000| Complete |  0
| 119|0x00000000d0700000, 0x00000000d0800000, 0x00000000d0800000|100%| E|CS|TAMS 0x00000000d0700000| PB 0x00000000d0700000| Complete |  0
| 120|0x00000000d0800000, 0x00000000d0900000, 0x00000000d0900000|100%| E|CS|TAMS 0x00000000d0800000| PB 0x00000000d0800000| Complete |  0
| 121|0x00000000d0900000, 0x00000000d0a00000, 0x00000000d0a00000|100%| E|CS|TAMS 0x00000000d0900000| PB 0x00000000d0900000| Complete |  0
| 122|0x00000000d0a00000, 0x00000000d0b00000, 0x00000000d0b00000|100%| E|CS|TAMS 0x00000000d0a00000| PB 0x00000000d0a00000| Complete |  0
| 123|0x00000000d0b00000, 0x00000000d0c00000, 0x00000000d0c00000|100%| E|CS|TAMS 0x00000000d0b00000| PB 0x00000000d0b00000| Complete |  0
| 124|0x00000000d0c00000, 0x00000000d0d00000, 0x00000000d0d00000|100%| E|CS|TAMS 0x00000000d0c00000| PB 0x00000000d0c00000| Complete |  0
| 125|0x00000000d0d00000, 0x00000000d0e00000, 0x00000000d0e00000|100%| E|CS|TAMS 0x00000000d0d00000| PB 0x00000000d0d00000| Complete |  0
| 126|0x00000000d0e00000, 0x00000000d0f00000, 0x00000000d0f00000|100%| E|CS|TAMS 0x00000000d0e00000| PB 0x00000000d0e00000| Complete |  0
| 127|0x00000000d0f00000, 0x00000000d1000000, 0x00000000d1000000|100%| E|CS|TAMS 0x00000000d0f00000| PB 0x00000000d0f00000| Complete |  0
| 128|0x00000000d1000000, 0x00000000d1100000, 0x00000000d1100000|100%| E|CS|TAMS 0x00000000d1000000| PB 0x00000000d1000000| Complete |  0
| 129|0x00000000d1100000, 0x00000000d1200000, 0x00000000d1200000|100%| E|CS|TAMS 0x00000000d1100000| PB 0x00000000d1100000| Complete |  0
| 130|0x00000000d1200000, 0x00000000d1300000, 0x00000000d1300000|100%| E|CS|TAMS 0x00000000d1200000| PB 0x00000000d1200000| Complete |  0
| 131|0x00000000d1300000, 0x00000000d1400000, 0x00000000d1400000|100%| E|CS|TAMS 0x00000000d1300000| PB 0x00000000d1300000| Complete |  0
| 132|0x00000000d1400000, 0x00000000d1500000, 0x00000000d1500000|100%| E|CS|TAMS 0x00000000d1400000| PB 0x00000000d1400000| Complete |  0
| 133|0x00000000d1500000, 0x00000000d1600000, 0x00000000d1600000|100%| E|CS|TAMS 0x00000000d1500000| PB 0x00000000d1500000| Complete |  0
| 134|0x00000000d1600000, 0x00000000d1700000, 0x00000000d1700000|100%| E|CS|TAMS 0x00000000d1600000| PB 0x00000000d1600000| Complete |  0
| 135|0x00000000d1700000, 0x00000000d1800000, 0x00000000d1800000|100%| E|CS|TAMS 0x00000000d1700000| PB 0x00000000d1700000| Complete |  0
| 136|0x00000000d1800000, 0x00000000d1900000, 0x00000000d1900000|100%| E|CS|TAMS 0x00000000d1800000| PB 0x00000000d1800000| Complete |  0
| 137|0x00000000d1900000, 0x00000000d1a00000, 0x00000000d1a00000|100%| E|CS|TAMS 0x00000000d1900000| PB 0x00000000d1900000| Complete |  0
| 138|0x00000000d1a00000, 0x00000000d1b00000, 0x00000000d1b00000|100%| E|CS|TAMS 0x00000000d1a00000| PB 0x00000000d1a00000| Complete |  0
| 139|0x00000000d1b00000, 0x00000000d1c00000, 0x00000000d1c00000|100%| E|CS|TAMS 0x00000000d1b00000| PB 0x00000000d1b00000| Complete |  0
| 140|0x00000000d1c00000, 0x00000000d1d00000, 0x00000000d1d00000|100%| E|CS|TAMS 0x00000000d1c00000| PB 0x00000000d1c00000| Complete |  0
| 141|0x00000000d1d00000, 0x00000000d1e00000, 0x00000000d1e00000|100%| E|CS|TAMS 0x00000000d1d00000| PB 0x00000000d1d00000| Complete |  0
| 142|0x00000000d1e00000, 0x00000000d1f00000, 0x00000000d1f00000|100%| E|CS|TAMS 0x00000000d1e00000| PB 0x00000000d1e00000| Complete |  0
| 143|0x00000000d1f00000, 0x00000000d2000000, 0x00000000d2000000|100%| E|CS|TAMS 0x00000000d1f00000| PB 0x00000000d1f00000| Complete |  0
| 144|0x00000000d2000000, 0x00000000d2100000, 0x00000000d2100000|100%| E|CS|TAMS 0x00000000d2000000| PB 0x00000000d2000000| Complete |  0
| 145|0x00000000d2100000, 0x00000000d2200000, 0x00000000d2200000|100%| E|CS|TAMS 0x00000000d2100000| PB 0x00000000d2100000| Complete |  0
| 146|0x00000000d2200000, 0x00000000d2300000, 0x00000000d2300000|100%| E|CS|TAMS 0x00000000d2200000| PB 0x00000000d2200000| Complete |  0
| 147|0x00000000d2300000, 0x00000000d2400000, 0x00000000d2400000|100%| E|CS|TAMS 0x00000000d2300000| PB 0x00000000d2300000| Complete |  0
| 148|0x00000000d2400000, 0x00000000d2500000, 0x00000000d2500000|100%| E|CS|TAMS 0x00000000d2400000| PB 0x00000000d2400000| Complete |  0
| 149|0x00000000d2500000, 0x00000000d2600000, 0x00000000d2600000|100%| E|CS|TAMS 0x00000000d2500000| PB 0x00000000d2500000| Complete |  0
| 150|0x00000000d2600000, 0x00000000d2685508, 0x00000000d2700000| 52%| S|CS|TAMS 0x00000000d2600000| PB 0x00000000d2600000| Complete |  0
| 151|0x00000000d2700000, 0x00000000d2800000, 0x00000000d2800000|100%| S|CS|TAMS 0x00000000d2700000| PB 0x00000000d2700000| Complete |  0
| 152|0x00000000d2800000, 0x00000000d2900000, 0x00000000d2900000|100%| S|CS|TAMS 0x00000000d2800000| PB 0x00000000d2800000| Complete |  0
| 153|0x00000000d2900000, 0x00000000d2a00000, 0x00000000d2a00000|100%| E|CS|TAMS 0x00000000d2900000| PB 0x00000000d2900000| Complete |  0
| 154|0x00000000d2a00000, 0x00000000d2b00000, 0x00000000d2b00000|100%| E|CS|TAMS 0x00000000d2a00000| PB 0x00000000d2a00000| Complete |  0
| 155|0x00000000d2b00000, 0x00000000d2c00000, 0x00000000d2c00000|100%| E|CS|TAMS 0x00000000d2b00000| PB 0x00000000d2b00000| Complete |  0
| 156|0x00000000d2c00000, 0x00000000d2d00000, 0x00000000d2d00000|100%| E|CS|TAMS 0x00000000d2c00000| PB 0x00000000d2c00000| Complete |  0
| 157|0x00000000d2d00000, 0x00000000d2e00000, 0x00000000d2e00000|100%| E|  |TAMS 0x00000000d2d00000| PB 0x00000000d2d00000| Complete |  0
| 158|0x00000000d2e00000, 0x00000000d2f00000, 0x00000000d2f00000|100%| E|CS|TAMS 0x00000000d2e00000| PB 0x00000000d2e00000| Complete |  0
| 159|0x00000000d2f00000, 0x00000000d3000000, 0x00000000d3000000|100%| E|CS|TAMS 0x00000000d2f00000| PB 0x00000000d2f00000| Complete |  0
| 160|0x00000000d3000000, 0x00000000d3100000, 0x00000000d3100000|100%| E|CS|TAMS 0x00000000d3000000| PB 0x00000000d3000000| Complete |  0
| 161|0x00000000d3100000, 0x00000000d3200000, 0x00000000d3200000|100%| E|CS|TAMS 0x00000000d3100000| PB 0x00000000d3100000| Complete |  0
| 162|0x00000000d3200000, 0x00000000d3300000, 0x00000000d3300000|100%| E|CS|TAMS 0x00000000d3200000| PB 0x00000000d3200000| Complete |  0
| 163|0x00000000d3300000, 0x00000000d3400000, 0x00000000d3400000|100%| E|CS|TAMS 0x00000000d3300000| PB 0x00000000d3300000| Complete |  0
| 164|0x00000000d3400000, 0x00000000d3500000, 0x00000000d3500000|100%| E|CS|TAMS 0x00000000d3400000| PB 0x00000000d3400000| Complete |  0
| 165|0x00000000d3500000, 0x00000000d3600000, 0x00000000d3600000|100%| E|CS|TAMS 0x00000000d3500000| PB 0x00000000d3500000| Complete |  0
| 166|0x00000000d3600000, 0x00000000d3700000, 0x00000000d3700000|100%| E|CS|TAMS 0x00000000d3600000| PB 0x00000000d3600000| Complete |  0
| 167|0x00000000d3700000, 0x00000000d3800000, 0x00000000d3800000|100%| E|CS|TAMS 0x00000000d3700000| PB 0x00000000d3700000| Complete |  0
| 168|0x00000000d3800000, 0x00000000d3900000, 0x00000000d3900000|100%| E|CS|TAMS 0x00000000d3800000| PB 0x00000000d3800000| Complete |  0
| 169|0x00000000d3900000, 0x00000000d3a00000, 0x00000000d3a00000|100%| E|CS|TAMS 0x00000000d3900000| PB 0x00000000d3900000| Complete |  0
| 170|0x00000000d3a00000, 0x00000000d3b00000, 0x00000000d3b00000|100%| E|CS|TAMS 0x00000000d3a00000| PB 0x00000000d3a00000| Complete |  0
| 171|0x00000000d3b00000, 0x00000000d3c00000, 0x00000000d3c00000|100%| E|CS|TAMS 0x00000000d3b00000| PB 0x00000000d3b00000| Complete |  0

Card table byte_map: [0x0000018c30730000,0x0000018c308f0000] _byte_map_base: 0x0000018c300e8000

Marking Bits: (CMBitMap*) 0x0000018c18eaaa40
 Bits: [0x0000018c308f0000, 0x0000018c316b0000)

Polling page: 0x0000018c183c0000

Metaspace:

Usage:
  Non-class:     24.79 MB used.
      Class:      3.27 MB used.
       Both:     28.06 MB used.

Virtual space:
  Non-class space:       64.00 MB reserved,      25.00 MB ( 39%) committed,  1 nodes.
      Class space:        1.00 GB reserved,       3.44 MB ( <1%) committed,  1 nodes.
             Both:        1.06 GB reserved,      28.44 MB (  3%) committed. 

Chunk freelists:
   Non-Class:  6.59 MB
       Class:  12.61 MB
        Both:  19.20 MB

MaxMetaspaceSize: unlimited
CompressedClassSpaceSize: 1.00 GB
Initial GC threshold: 21.00 MB
Current GC threshold: 30.44 MB
CDS: on
 - commit_granule_bytes: 65536.
 - commit_granule_words: 8192.
 - virtual_space_node_default_size: 8388608.
 - enlarge_chunks_in_place: 1.
 - use_allocation_guard: 0.


Internal statistics:

num_allocs_failed_limit: 0.
num_arena_births: 284.
num_arena_deaths: 0.
num_vsnodes_births: 2.
num_vsnodes_deaths: 0.
num_space_committed: 455.
num_space_uncommitted: 0.
num_chunks_returned_to_freelist: 0.
num_chunks_taken_from_freelist: 1287.
num_chunk_merges: 0.
num_chunk_splits: 903.
num_chunks_enlarged: 715.
num_inconsistent_stats: 0.

CodeHeap 'non-profiled nmethods': size=120064Kb used=2785Kb max_used=2785Kb free=117278Kb
 bounds [0x0000018c29030000, 0x0000018c292f0000, 0x0000018c30570000]
CodeHeap 'profiled nmethods': size=120000Kb used=11754Kb max_used=11754Kb free=108245Kb
 bounds [0x0000018c21570000, 0x0000018c220f0000, 0x0000018c28aa0000]
CodeHeap 'non-nmethods': size=5696Kb used=1463Kb max_used=1518Kb free=4232Kb
 bounds [0x0000018c28aa0000, 0x0000018c28d10000, 0x0000018c29030000]
CodeCache: size=245760Kb, used=16002Kb, max_used=16057Kb, free=229755Kb
 total_blobs=7567, nmethods=7011, adapters=461, full_count=0
Compilation: enabled, stopped_count=0, restarted_count=0

Compilation events (20 events):
Event: 50.204 Thread 0x0000018c33ca2bc0 6703       2       com.sun.tools.javac.code.Type$WildcardType::<init> (35 bytes)
Event: 50.205 Thread 0x0000018c33ca2bc0 nmethod 6703 0x0000018c22074388 code [0x0000018c220744e0, 0x0000018c22074988]
Event: 50.211 Thread 0x0000018c33ca2bc0 6704       2       com.sun.tools.javac.file.BaseFileManager::nullCheck (33 bytes)
Event: 50.211 Thread 0x0000018c33ca2bc0 nmethod 6704 0x0000018c22074a08 code [0x0000018c22074b60, 0x0000018c22074e00]
Event: 50.229 Thread 0x0000018c33ca2bc0 6705       2       java.lang.Throwable::<init> (43 bytes)
Event: 50.230 Thread 0x0000018c33ca2bc0 nmethod 6705 0x0000018c22074e88 code [0x0000018c22074fc0, 0x0000018c22075290]
Event: 50.240 Thread 0x0000018c33ca2bc0 6706   !   2       com.sun.tools.javac.jvm.ClassReader::readAttributeValue (628 bytes)
Event: 50.245 Thread 0x0000018c33ca2bc0 nmethod 6706 0x0000018c22075308 code [0x0000018c22075840, 0x0000018c220779f0]
Event: 50.247 Thread 0x0000018c33ca2bc0 6707       2       com.sun.tools.javac.jvm.ClassReader$AnnotationDeproxy::<init> (15 bytes)
Event: 50.247 Thread 0x0000018c33ca2bc0 nmethod 6707 0x0000018c22077b88 code [0x0000018c22077ca0, 0x0000018c22077e50]
Event: 50.249 Thread 0x0000018c33ca2bc0 6708       2       com.sun.tools.javac.jvm.ClassReader$CompoundAnnotationProxy::<init> (11 bytes)
Event: 50.249 Thread 0x0000018c33ca2bc0 nmethod 6708 0x0000018c22077e88 code [0x0000018c22077fa0, 0x0000018c22078150]
Event: 50.266 Thread 0x0000018c33ca2bc0 6710       2       com.sun.tools.javac.util.Pair::<init> (15 bytes)
Event: 50.266 Thread 0x0000018c33ca2bc0 nmethod 6710 0x0000018c22078188 code [0x0000018c220782a0, 0x0000018c22078450]
Event: 50.267 Thread 0x0000018c33ca2bc0 6711       2       com.sun.tools.javac.comp.Attr::attribType (12 bytes)
Event: 50.267 Thread 0x0000018c33ca2bc0 nmethod 6711 0x0000018c22078488 code [0x0000018c220785a0, 0x0000018c220786d0]
Event: 50.267 Thread 0x0000018c33ca2bc0 6712       2       com.sun.tools.javac.comp.Resolve::accessBase (16 bytes)
Event: 50.267 Thread 0x0000018c33ca2bc0 nmethod 6712 0x0000018c22078788 code [0x0000018c220788a0, 0x0000018c220789e0]
Event: 50.270 Thread 0x0000018c33ca2bc0 6713       2       com.sun.tools.javac.tree.JCTree$JCVariableDecl::isImplicitlyTyped (13 bytes)
Event: 50.270 Thread 0x0000018c33ca2bc0 nmethod 6713 0x0000018c22078a88 code [0x0000018c22078ba0, 0x0000018c22078cb8]

GC Heap History (20 events):
Event: 10.308 GC heap before
{Heap before GC invocations=1 (full 0):
 garbage-first heap   total reserved 901120K, committed 57344K, used 16075K [0x00000000c9000000, 0x0000000100000000)
  region size 1024K, 14 young (14336K), 2 survivors (2048K)
 Metaspace       used 6631K, committed 6784K, reserved 1114112K
  class space    used 794K, committed 896K, reserved 1048576K
}
Event: 10.316 GC heap after
{Heap after GC invocations=2 (full 0):
 garbage-first heap   total reserved 901120K, committed 57344K, used 5056K [0x00000000c9000000, 0x0000000100000000)
  region size 1024K, 1 young (1024K), 1 survivors (1024K)
 Metaspace       used 6631K, committed 6784K, reserved 1114112K
  class space    used 794K, committed 896K, reserved 1048576K
}
Event: 14.458 GC heap before
{Heap before GC invocations=2 (full 0):
 garbage-first heap   total reserved 901120K, committed 57344K, used 30656K [0x00000000c9000000, 0x0000000100000000)
  region size 1024K, 27 young (27648K), 1 survivors (1024K)
 Metaspace       used 9892K, committed 10048K, reserved 1114112K
  class space    used 1190K, committed 1280K, reserved 1048576K
}
Event: 14.464 GC heap after
{Heap after GC invocations=3 (full 0):
 garbage-first heap   total reserved 901120K, committed 57344K, used 6013K [0x00000000c9000000, 0x0000000100000000)
  region size 1024K, 2 young (2048K), 2 survivors (2048K)
 Metaspace       used 9892K, committed 10048K, reserved 1114112K
  class space    used 1190K, committed 1280K, reserved 1048576K
}
Event: 21.166 GC heap before
{Heap before GC invocations=3 (full 0):
 garbage-first heap   total reserved 901120K, committed 57344K, used 32637K [0x00000000c9000000, 0x0000000100000000)
  region size 1024K, 28 young (28672K), 2 survivors (2048K)
 Metaspace       used 14616K, committed 14848K, reserved 1114112K
  class space    used 1803K, committed 1920K, reserved 1048576K
}
Event: 21.188 GC heap after
{Heap after GC invocations=4 (full 0):
 garbage-first heap   total reserved 901120K, committed 57344K, used 8192K [0x00000000c9000000, 0x0000000100000000)
  region size 1024K, 4 young (4096K), 4 survivors (4096K)
 Metaspace       used 14616K, committed 14848K, reserved 1114112K
  class space    used 1803K, committed 1920K, reserved 1048576K
}
Event: 26.065 GC heap before
{Heap before GC invocations=4 (full 0):
 garbage-first heap   total reserved 901120K, committed 57344K, used 37888K [0x00000000c9000000, 0x0000000100000000)
  region size 1024K, 33 young (33792K), 4 survivors (4096K)
 Metaspace       used 16496K, committed 16768K, reserved 1114112K
  class space    used 1994K, committed 2112K, reserved 1048576K
}
Event: 26.151 GC heap after
{Heap after GC invocations=5 (full 0):
 garbage-first heap   total reserved 901120K, committed 57344K, used 11946K [0x00000000c9000000, 0x0000000100000000)
  region size 1024K, 5 young (5120K), 5 survivors (5120K)
 Metaspace       used 16496K, committed 16768K, reserved 1114112K
  class space    used 1994K, committed 2112K, reserved 1048576K
}
Event: 31.244 GC heap before
{Heap before GC invocations=5 (full 0):
 garbage-first heap   total reserved 901120K, committed 57344K, used 39594K [0x00000000c9000000, 0x0000000100000000)
  region size 1024K, 32 young (32768K), 5 survivors (5120K)
 Metaspace       used 16889K, committed 17152K, reserved 1114112K
  class space    used 2019K, committed 2176K, reserved 1048576K
}
Event: 31.304 GC heap after
{Heap after GC invocations=6 (full 0):
 garbage-first heap   total reserved 901120K, committed 57344K, used 15271K [0x00000000c9000000, 0x0000000100000000)
  region size 1024K, 3 young (3072K), 3 survivors (3072K)
 Metaspace       used 16889K, committed 17152K, reserved 1114112K
  class space    used 2019K, committed 2176K, reserved 1048576K
}
Event: 37.149 GC heap before
{Heap before GC invocations=6 (full 0):
 garbage-first heap   total reserved 901120K, committed 57344K, used 42919K [0x00000000c9000000, 0x0000000100000000)
  region size 1024K, 30 young (30720K), 3 survivors (3072K)
 Metaspace       used 17139K, committed 17472K, reserved 1114112K
  class space    used 2019K, committed 2176K, reserved 1048576K
}
Event: 37.165 GC heap after
{Heap after GC invocations=7 (full 0):
 garbage-first heap   total reserved 901120K, committed 57344K, used 17236K [0x00000000c9000000, 0x0000000100000000)
  region size 1024K, 2 young (2048K), 2 survivors (2048K)
 Metaspace       used 17139K, committed 17472K, reserved 1114112K
  class space    used 2019K, committed 2176K, reserved 1048576K
}
Event: 41.997 GC heap before
{Heap before GC invocations=7 (full 0):
 garbage-first heap   total reserved 901120K, committed 57344K, used 44884K [0x00000000c9000000, 0x0000000100000000)
  region size 1024K, 29 young (29696K), 2 survivors (2048K)
 Metaspace       used 18049K, committed 18304K, reserved 1114112K
  class space    used 2115K, committed 2240K, reserved 1048576K
}
Event: 42.005 GC heap after
{Heap after GC invocations=8 (full 0):
 garbage-first heap   total reserved 901120K, committed 57344K, used 17869K [0x00000000c9000000, 0x0000000100000000)
  region size 1024K, 3 young (3072K), 3 survivors (3072K)
 Metaspace       used 18049K, committed 18304K, reserved 1114112K
  class space    used 2115K, committed 2240K, reserved 1048576K
}
Event: 42.123 GC heap before
{Heap before GC invocations=8 (full 0):
 garbage-first heap   total reserved 901120K, committed 57344K, used 27085K [0x00000000c9000000, 0x0000000100000000)
  region size 1024K, 5 young (5120K), 3 survivors (3072K)
 Metaspace       used 18395K, committed 18688K, reserved 1114112K
  class space    used 2144K, committed 2304K, reserved 1048576K
}
Event: 42.134 GC heap after
{Heap after GC invocations=9 (full 0):
 garbage-first heap   total reserved 901120K, committed 57344K, used 26374K [0x00000000c9000000, 0x0000000100000000)
  region size 1024K, 2 young (2048K), 2 survivors (2048K)
 Metaspace       used 18395K, committed 18688K, reserved 1114112K
  class space    used 2144K, committed 2304K, reserved 1048576K
}
Event: 42.136 GC heap before
{Heap before GC invocations=9 (full 0):
 garbage-first heap   total reserved 901120K, committed 57344K, used 38662K [0x00000000c9000000, 0x0000000100000000)
  region size 1024K, 3 young (3072K), 2 survivors (2048K)
 Metaspace       used 18395K, committed 18688K, reserved 1114112K
  class space    used 2144K, committed 2304K, reserved 1048576K
}
Event: 42.142 GC heap after
{Heap after GC invocations=10 (full 0):
 garbage-first heap   total reserved 901120K, committed 72704K, used 38854K [0x00000000c9000000, 0x0000000100000000)
  region size 1024K, 2 young (2048K), 2 survivors (2048K)
 Metaspace       used 18395K, committed 18688K, reserved 1114112K
  class space    used 2144K, committed 2304K, reserved 1048576K
}
Event: 45.341 GC heap before
{Heap before GC invocations=11 (full 0):
 garbage-first heap   total reserved 901120K, committed 176128K, used 137158K [0x00000000c9000000, 0x0000000100000000)
  region size 1024K, 22 young (22528K), 2 survivors (2048K)
 Metaspace       used 20824K, committed 21184K, reserved 1114112K
  class space    used 2425K, committed 2624K, reserved 1048576K
}
Event: 45.350 GC heap after
{Heap after GC invocations=12 (full 0):
 garbage-first heap   total reserved 901120K, committed 176128K, used 19246K [0x00000000c9000000, 0x0000000100000000)
  region size 1024K, 3 young (3072K), 3 survivors (3072K)
 Metaspace       used 20824K, committed 21184K, reserved 1114112K
  class space    used 2425K, committed 2624K, reserved 1048576K
}

Dll operation events (12 events):
Event: 0.242 Loaded shared library C:\Users\91993\.jdks\openjdk-23.0.1\bin\java.dll
Event: 0.953 Loaded shared library C:\Users\91993\.jdks\openjdk-23.0.1\bin\jsvml.dll
Event: 1.078 Loaded shared library C:\Users\91993\.jdks\openjdk-23.0.1\bin\zip.dll
Event: 1.083 Loaded shared library C:\Users\91993\.jdks\openjdk-23.0.1\bin\instrument.dll
Event: 1.089 Loaded shared library C:\Users\91993\.jdks\openjdk-23.0.1\bin\net.dll
Event: 1.092 Loaded shared library C:\Users\91993\.jdks\openjdk-23.0.1\bin\nio.dll
Event: 1.097 Loaded shared library C:\Users\91993\.jdks\openjdk-23.0.1\bin\zip.dll
Event: 1.224 Loaded shared library C:\Program Files\JetBrains\IntelliJ IDEA Community Edition 2024.2\bin\breakgen64.dll
Event: 1.526 Loaded shared library C:\Users\91993\.jdks\openjdk-23.0.1\bin\extnet.dll
Event: 3.691 Loaded shared library C:\Users\91993\.jdks\openjdk-23.0.1\bin\jimage.dll
Event: 4.169 Loaded shared library C:\Users\91993\AppData\Local\Temp\jansi-2.4.1-f72b93d4cfe3651c-jansi.dll
Event: 4.691 Loaded shared library C:\Users\91993\.jdks\openjdk-23.0.1\bin\verify.dll

Deoptimization events (20 events):
Event: 48.076 Thread 0x0000018c16b06c80 DEOPT PACKING pc=0x0000018c29071d38 sp=0x0000001552bfce00
Event: 48.076 Thread 0x0000018c16b06c80 DEOPT UNPACKING pc=0x0000018c28af4402 sp=0x0000001552bfcd98 mode 2
Event: 48.084 Thread 0x0000018c16b06c80 Uncommon trap: trap_request=0xffffffc6 fr.pc=0x0000018c29071d38 relative=0x0000000000000438
Event: 48.084 Thread 0x0000018c16b06c80 Uncommon trap: reason=bimorphic_or_optimized_type_check action=maybe_recompile pc=0x0000018c29071d38 method=java.util.regex.Pattern$BmpCharPropertyGreedy.match(Ljava/util/regex/Matcher;ILjava/lang/CharSequence;)Z @ 26 c2
Event: 48.084 Thread 0x0000018c16b06c80 DEOPT PACKING pc=0x0000018c29071d38 sp=0x0000001552bfce00
Event: 48.084 Thread 0x0000018c16b06c80 DEOPT UNPACKING pc=0x0000018c28af4402 sp=0x0000001552bfcd98 mode 2
Event: 48.998 Thread 0x0000018c16b06c80 DEOPT PACKING pc=0x0000018c21e5da1d sp=0x0000001552bfd160
Event: 48.998 Thread 0x0000018c16b06c80 DEOPT UNPACKING pc=0x0000018c28af4b22 sp=0x0000001552bfc6e0 mode 0
Event: 49.054 Thread 0x0000018c16b06c80 Uncommon trap: trap_request=0xffffff45 fr.pc=0x0000018c292b48fc relative=0x000000000000115c
Event: 49.054 Thread 0x0000018c16b06c80 Uncommon trap: reason=unstable_if action=reinterpret pc=0x0000018c292b48fc method=java.nio.file.FileTreeWalker.visit(Ljava/nio/file/Path;ZZ)Ljava/nio/file/FileTreeWalker$Event; @ 53 c2
Event: 49.054 Thread 0x0000018c16b06c80 DEOPT PACKING pc=0x0000018c292b48fc sp=0x0000001552bfd590
Event: 49.055 Thread 0x0000018c16b06c80 DEOPT UNPACKING pc=0x0000018c28af4402 sp=0x0000001552bfd4d0 mode 2
Event: 49.071 Thread 0x0000018c16b06c80 DEOPT PACKING pc=0x0000018c21f27c4b sp=0x0000001552bfd7c0
Event: 49.071 Thread 0x0000018c16b06c80 DEOPT UNPACKING pc=0x0000018c28af4b22 sp=0x0000001552bfcc60 mode 0
Event: 49.707 Thread 0x0000018c16b06c80 DEOPT PACKING pc=0x0000018c21e5da1d sp=0x0000001552bfb960
Event: 49.707 Thread 0x0000018c16b06c80 DEOPT UNPACKING pc=0x0000018c28af4b22 sp=0x0000001552bfaee0 mode 0
Event: 49.849 Thread 0x0000018c16b06c80 Uncommon trap: trap_request=0xffffff45 fr.pc=0x0000018c292e13dc relative=0x000000000000005c
Event: 49.849 Thread 0x0000018c16b06c80 Uncommon trap: reason=unstable_if action=reinterpret pc=0x0000018c292e13dc method=com.sun.tools.javac.jvm.PoolReader.sizeof(I)I @ 1 c2
Event: 49.849 Thread 0x0000018c16b06c80 DEOPT PACKING pc=0x0000018c292e13dc sp=0x0000001552bfacc0
Event: 49.849 Thread 0x0000018c16b06c80 DEOPT UNPACKING pc=0x0000018c28af4402 sp=0x0000001552bfac50 mode 2

Classes loaded (20 events):
Event: 47.380 Loading class java/util/RegularEnumSet$EnumSetIterator
Event: 47.380 Loading class java/util/RegularEnumSet$EnumSetIterator done
Event: 47.382 Loading class java/nio/file/FileVisitor
Event: 47.382 Loading class java/nio/file/FileVisitor done
Event: 47.388 Loading class java/nio/file/SimpleFileVisitor
Event: 47.388 Loading class java/nio/file/SimpleFileVisitor done
Event: 47.388 Loading class java/nio/file/Files$3
Event: 47.389 Loading class java/nio/file/Files$3 done
Event: 47.389 Loading class java/nio/file/FileVisitResult
Event: 47.389 Loading class java/nio/file/FileVisitResult done
Event: 47.389 Loading class sun/nio/fs/BasicFileAttributesHolder
Event: 47.389 Loading class sun/nio/fs/BasicFileAttributesHolder done
Event: 48.985 Loading class java/util/ComparableTimSort
Event: 48.986 Loading class java/util/ComparableTimSort done
Event: 48.990 Loading class java/nio/file/Files$2
Event: 48.991 Loading class java/nio/file/Files$2 done
Event: 48.991 Loading class sun/nio/fs/WindowsPath$WindowsPathWithAttributes
Event: 48.992 Loading class sun/nio/fs/WindowsPath$WindowsPathWithAttributes done
Event: 49.054 Loading class java/nio/file/FileTreeWalker$1
Event: 49.054 Loading class java/nio/file/FileTreeWalker$1 done

Classes unloaded (0 events):
No events

Classes redefined (0 events):
No events

Internal exceptions (20 events):
Event: 50.210 Thread 0x0000018c16b06c80 Exception <a 'sun/nio/fs/WindowsException'{0x00000000cf590138}> (0x00000000cf590138) 
thrown [s\open\src\hotspot\share\prims\jni.cpp, line 520]
Event: 50.210 Thread 0x0000018c16b06c80 Exception <a 'sun/nio/fs/WindowsException'{0x00000000cf590d98}> (0x00000000cf590d98) 
thrown [s\open\src\hotspot\share\prims\jni.cpp, line 520]
Event: 50.210 Thread 0x0000018c16b06c80 Exception <a 'sun/nio/fs/WindowsException'{0x00000000cf592c10}> (0x00000000cf592c10) 
thrown [s\open\src\hotspot\share\prims\jni.cpp, line 520]
Event: 50.211 Thread 0x0000018c16b06c80 Exception <a 'sun/nio/fs/WindowsException'{0x00000000cf59adc0}> (0x00000000cf59adc0) 
thrown [s\open\src\hotspot\share\prims\jni.cpp, line 520]
Event: 50.221 Thread 0x0000018c16b06c80 Exception <a 'sun/nio/fs/WindowsException'{0x00000000cf5b0688}> (0x00000000cf5b0688) 
thrown [s\open\src\hotspot\share\prims\jni.cpp, line 520]
Event: 50.234 Thread 0x0000018c16b06c80 Exception <a 'sun/nio/fs/WindowsException'{0x00000000cf5b1328}> (0x00000000cf5b1328) 
thrown [s\open\src\hotspot\share\prims\jni.cpp, line 520]
Event: 50.264 Thread 0x0000018c16b06c80 Exception <a 'sun/nio/fs/WindowsException'{0x00000000cf40cfd8}> (0x00000000cf40cfd8) 
thrown [s\open\src\hotspot\share\prims\jni.cpp, line 520]
Event: 50.265 Thread 0x0000018c16b06c80 Exception <a 'sun/nio/fs/WindowsException'{0x00000000cf4114b0}> (0x00000000cf4114b0) 
thrown [s\open\src\hotspot\share\prims\jni.cpp, line 520]
Event: 50.265 Thread 0x0000018c16b06c80 Exception <a 'sun/nio/fs/WindowsException'{0x00000000cf417d70}> (0x00000000cf417d70) 
thrown [s\open\src\hotspot\share\prims\jni.cpp, line 520]
Event: 50.265 Thread 0x0000018c16b06c80 Exception <a 'sun/nio/fs/WindowsException'{0x00000000cf4189d0}> (0x00000000cf4189d0) 
thrown [s\open\src\hotspot\share\prims\jni.cpp, line 520]
Event: 50.265 Thread 0x0000018c16b06c80 Exception <a 'sun/nio/fs/WindowsException'{0x00000000cf41a7c8}> (0x00000000cf41a7c8) 
thrown [s\open\src\hotspot\share\prims\jni.cpp, line 520]
Event: 50.265 Thread 0x0000018c16b06c80 Exception <a 'sun/nio/fs/WindowsException'{0x00000000cf41bdc0}> (0x00000000cf41bdc0) 
thrown [s\open\src\hotspot\share\prims\jni.cpp, line 520]
Event: 50.265 Thread 0x0000018c16b06c80 Exception <a 'sun/nio/fs/WindowsException'{0x00000000cf41dd68}> (0x00000000cf41dd68) 
thrown [s\open\src\hotspot\share\prims\jni.cpp, line 520]
Event: 50.265 Thread 0x0000018c16b06c80 Exception <a 'sun/nio/fs/WindowsException'{0x00000000cf41e9f8}> (0x00000000cf41e9f8) 
thrown [s\open\src\hotspot\share\prims\jni.cpp, line 520]
Event: 50.271 Thread 0x0000018c16b06c80 Exception <a 'sun/nio/fs/WindowsException'{0x00000000cf446180}> (0x00000000cf446180) 
thrown [s\open\src\hotspot\share\prims\jni.cpp, line 520]
Event: 50.272 Thread 0x0000018c16b06c80 Exception <a 'sun/nio/fs/WindowsException'{0x00000000cf455380}> (0x00000000cf455380) 
thrown [s\open\src\hotspot\share\prims\jni.cpp, line 520]
Event: 50.279 Thread 0x0000018c16b06c80 Exception <a 'sun/nio/fs/WindowsException'{0x00000000cf47df78}> (0x00000000cf47df78) 
thrown [s\open\src\hotspot\share\prims\jni.cpp, line 520]
Event: 50.279 Thread 0x0000018c16b06c80 Exception <a 'sun/nio/fs/WindowsException'{0x00000000cf47ee58}> (0x00000000cf47ee58) 
thrown [s\open\src\hotspot\share\prims\jni.cpp, line 520]
Event: 50.280 Thread 0x0000018c16b06c80 Exception <a 'sun/nio/fs/WindowsException'{0x00000000cf480d90}> (0x00000000cf480d90) 
thrown [s\open\src\hotspot\share\prims\jni.cpp, line 520]
Event: 50.280 Thread 0x0000018c16b06c80 Exception <a 'sun/nio/fs/WindowsException'{0x00000000cf48b718}> (0x00000000cf48b718) 
thrown [s\open\src\hotspot\share\prims\jni.cpp, line 520]

VM Operations (20 events):
Event: 44.712 Executing VM operation: HandshakeAllThreads (Deoptimize)
Event: 44.713 Executing VM operation: HandshakeAllThreads (Deoptimize) done
Event: 44.913 Executing VM operation: HandshakeAllThreads (Deoptimize)
Event: 44.913 Executing VM operation: HandshakeAllThreads (Deoptimize) done
Event: 45.341 Executing VM operation: G1CollectForAllocation (G1 Evacuation Pause)
Event: 45.350 Executing VM operation: G1CollectForAllocation (G1 Evacuation Pause) done
Event: 45.403 Executing VM operation: HandshakeAllThreads (Deoptimize)
Event: 45.404 Executing VM operation: HandshakeAllThreads (Deoptimize) done
Event: 45.409 Executing VM operation: HandshakeAllThreads (Deoptimize)
Event: 45.409 Executing VM operation: HandshakeAllThreads (Deoptimize) done
Event: 45.420 Executing VM operation: HandshakeAllThreads (Deoptimize)
Event: 45.420 Executing VM operation: HandshakeAllThreads (Deoptimize) done
Event: 45.422 Executing VM operation: HandshakeAllThreads (Deoptimize)
Event: 45.422 Executing VM operation: HandshakeAllThreads (Deoptimize) done
Event: 46.059 Executing VM operation: HandshakeAllThreads (Deoptimize)
Event: 46.059 Executing VM operation: HandshakeAllThreads (Deoptimize) done
Event: 47.008 Executing VM operation: HandshakeAllThreads (Deoptimize)
Event: 47.008 Executing VM operation: HandshakeAllThreads (Deoptimize) done
Event: 48.993 Executing VM operation: HandshakeAllThreads (Deoptimize)
Event: 48.993 Executing VM operation: HandshakeAllThreads (Deoptimize) done

Memory protections (0 events):
No events

Nmethod flushes (0 events):
No events

Events (15 events):
Event: 0.424 Thread 0x0000018c16b06c80 Thread added: 0x0000018c16b06c80
Event: 0.689 Thread 0x0000018c16b06c80 Thread added: 0x0000018c33c60d30
Event: 0.691 Thread 0x0000018c16b06c80 Thread added: 0x0000018c33c61790
Event: 0.693 Thread 0x0000018c16b06c80 Thread added: 0x0000018c33c64200
Event: 0.694 Thread 0x0000018c16b06c80 Thread added: 0x0000018c33c66c70
Event: 0.695 Thread 0x0000018c16b06c80 Thread added: 0x0000018c33c676d0
Event: 0.695 Thread 0x0000018c16b06c80 Thread added: 0x0000018c33c6a140
Event: 0.696 Thread 0x0000018c16b06c80 Thread added: 0x0000018c33c6b2e0
Event: 0.717 Thread 0x0000018c16b06c80 Thread added: 0x0000018c33ca2bc0
Event: 1.047 Thread 0x0000018c16b06c80 Thread added: 0x0000018c790837f0
Event: 1.252 Thread 0x0000018c16b06c80 Thread added: 0x0000018c791a02f0
Event: 1.253 Thread 0x0000018c16b06c80 Thread added: 0x0000018c791a4400
Event: 3.664 Thread 0x0000018c16b06c80 Thread added: 0x0000018c79414e20
Event: 4.312 Thread 0x0000018c79414e20 Thread exited: 0x0000018c79414e20
Event: 21.136 Thread 0x0000018c16b06c80 Thread added: 0x0000018c7a3df6f0


Dynamic libraries:
0x00007ff6b5810000 - 0x00007ff6b581e000 	C:\Users\91993\.jdks\openjdk-23.0.1\bin\java.exe
0x00007ffd27c30000 - 0x00007ffd27e28000 	C:\WINDOWS\SYSTEM32\ntdll.dll
0x00007ffd26d70000 - 0x00007ffd26e32000 	C:\WINDOWS\System32\KERNEL32.DLL
0x00007ffd25820000 - 0x00007ffd25b1e000 	C:\WINDOWS\System32\KERNELBASE.dll
0x00007ffd07700000 - 0x00007ffd0776b000 	C:\Program Files (x86)\K7 Computing\K7TSecurity\K7CrvrEx64.dll
0x00007ffd26b00000 - 0x00007ffd26c9d000 	C:\WINDOWS\System32\USER32.dll
0x00007ffd25b20000 - 0x00007ffd25b42000 	C:\WINDOWS\System32\win32u.dll
0x00007ffd264a0000 - 0x00007ffd264cb000 	C:\WINDOWS\System32\GDI32.dll
0x00007ffd25370000 - 0x00007ffd25487000 	C:\WINDOWS\System32\gdi32full.dll
0x00007ffd252d0000 - 0x00007ffd2536d000 	C:\WINDOWS\System32\msvcp_win.dll
0x00007ffd25b50000 - 0x00007ffd25c50000 	C:\WINDOWS\System32\ucrtbase.dll
0x00007ffd27b30000 - 0x00007ffd27be1000 	C:\WINDOWS\System32\ADVAPI32.dll
0x00007ffd26630000 - 0x00007ffd266ce000 	C:\WINDOWS\System32\msvcrt.dll
0x00007ffd26930000 - 0x00007ffd269cf000 	C:\WINDOWS\System32\sechost.dll
0x00007ffd269d0000 - 0x00007ffd26af3000 	C:\WINDOWS\System32\RPCRT4.dll
0x00007ffd257f0000 - 0x00007ffd25817000 	C:\WINDOWS\System32\bcrypt.dll
0x00007ffd076a0000 - 0x00007ffd076fc000 	C:\Program Files (x86)\K7 Computing\K7TSecurity\K7Crvr64.dll
0x00007ffd1de00000 - 0x00007ffd1de17000 	C:\Users\91993\.jdks\openjdk-23.0.1\bin\jli.dll
0x00007ffd1f280000 - 0x00007ffd1f29b000 	C:\Users\91993\.jdks\openjdk-23.0.1\bin\VCRUNTIME140.dll
0x00007ffd08770000 - 0x00007ffd08a0a000 	C:\WINDOWS\WinSxS\amd64_microsoft.windows.common-controls_6595b64144ccf1df_6.0.19041.4355_none_60b8b9eb71f62e16\COMCTL32.dll
0x00007ffd26f70000 - 0x00007ffd26f9f000 	C:\WINDOWS\System32\IMM32.DLL
0x00007ffd21a70000 - 0x00007ffd21a7c000 	C:\Users\91993\.jdks\openjdk-23.0.1\bin\vcruntime140_1.dll
0x00007ffd07fd0000 - 0x00007ffd0805e000 	C:\Users\91993\.jdks\openjdk-23.0.1\bin\msvcp140.dll
0x00007ffcebb80000 - 0x00007ffcec8cf000 	C:\Users\91993\.jdks\openjdk-23.0.1\bin\server\jvm.dll
0x00007ffd27080000 - 0x00007ffd270eb000 	C:\WINDOWS\System32\WS2_32.dll
0x00007ffd25130000 - 0x00007ffd2517b000 	C:\WINDOWS\SYSTEM32\POWRPROF.dll
0x00007ffd150d0000 - 0x00007ffd150f7000 	C:\WINDOWS\SYSTEM32\WINMM.dll
0x00007ffd1e960000 - 0x00007ffd1e96a000 	C:\WINDOWS\SYSTEM32\VERSION.dll
0x00007ffd25110000 - 0x00007ffd25122000 	C:\WINDOWS\SYSTEM32\UMPDC.dll
0x00007ffd23ab0000 - 0x00007ffd23ac2000 	C:\WINDOWS\SYSTEM32\kernel.appcore.dll
0x00007ffd1fc60000 - 0x00007ffd1fc6a000 	C:\Users\91993\.jdks\openjdk-23.0.1\bin\jimage.dll
0x00007ffd22ec0000 - 0x00007ffd230a4000 	C:\WINDOWS\SYSTEM32\DBGHELP.DLL
0x00007ffd13990000 - 0x00007ffd139c4000 	C:\WINDOWS\SYSTEM32\dbgcore.DLL
0x00007ffd25490000 - 0x00007ffd25512000 	C:\WINDOWS\System32\bcryptPrimitives.dll
0x00007ffd1e1f0000 - 0x00007ffd1e1ff000 	C:\Users\91993\.jdks\openjdk-23.0.1\bin\instrument.dll
0x00007ffd19ea0000 - 0x00007ffd19ebe000 	C:\Users\91993\.jdks\openjdk-23.0.1\bin\java.dll
0x00007ffd26e40000 - 0x00007ffd26f6b000 	C:\WINDOWS\System32\ole32.dll
0x00007ffd25c60000 - 0x00007ffd25fb3000 	C:\WINDOWS\System32\combase.dll
0x00007ffd273c0000 - 0x00007ffd27b2d000 	C:\WINDOWS\System32\SHELL32.dll
0x00007ffd232f0000 - 0x00007ffd23a94000 	C:\WINDOWS\SYSTEM32\windows.storage.dll
0x00007ffd24b50000 - 0x00007ffd24b7e000 	C:\WINDOWS\SYSTEM32\Wldp.dll
0x00007ffd26ca0000 - 0x00007ffd26d6d000 	C:\WINDOWS\System32\OLEAUT32.dll
0x00007ffd26880000 - 0x00007ffd2692d000 	C:\WINDOWS\System32\SHCORE.dll
0x00007ffd265d0000 - 0x00007ffd26625000 	C:\WINDOWS\System32\shlwapi.dll
0x00007ffd25200000 - 0x00007ffd25224000 	C:\WINDOWS\SYSTEM32\profapi.dll
0x00007ffd07c70000 - 0x00007ffd07d47000 	C:\Users\91993\.jdks\openjdk-23.0.1\bin\jsvml.dll
0x00007ffd15910000 - 0x00007ffd15927000 	C:\Users\91993\.jdks\openjdk-23.0.1\bin\zip.dll
0x00007ffd1d940000 - 0x00007ffd1d950000 	C:\Users\91993\.jdks\openjdk-23.0.1\bin\net.dll
0x00007ffd24930000 - 0x00007ffd2499a000 	C:\WINDOWS\system32\mswsock.dll
0x00007ffd17110000 - 0x00007ffd17126000 	C:\Users\91993\.jdks\openjdk-23.0.1\bin\nio.dll
0x00007ffd19e80000 - 0x00007ffd19e9a000 	C:\Program Files\JetBrains\IntelliJ IDEA Community Edition 2024.2\bin\breakgen64.dll
0x00007ffd19e70000 - 0x00007ffd19e79000 	C:\Users\91993\.jdks\openjdk-23.0.1\bin\extnet.dll
0x00007ffd15950000 - 0x00007ffd15974000 	C:\Users\91993\AppData\Local\Temp\jansi-2.4.1-f72b93d4cfe3651c-jansi.dll
0x00007ffd15880000 - 0x00007ffd15890000 	C:\Users\91993\.jdks\openjdk-23.0.1\bin\verify.dll

dbghelp: loaded successfully - version: 4.0.5 - missing functions: none
symbol engine: initialized successfully - sym options: 0x614 - pdb path: .;C:\Users\91993\.jdks\openjdk-23.0.1\bin;C:\WINDOWS\SYSTEM32;C:\Program Files (x86)\K7 Computing\K7TSecurity;C:\WINDOWS\WinSxS\amd64_microsoft.windows.common-controls_6595b64144ccf1df_6.0.19041.4355_none_60b8b9eb71f62e16;C:\Users\91993\.jdks\openjdk-23.0.1\bin\server;C:\Program Files\JetBrains\IntelliJ IDEA Community Edition 2024.2\bin;C:\Users\91993\AppData\Local\Temp

VM Arguments:
jvm_args: -Dmaven.multiModuleProjectDirectory=H:\java_practice\blogging_app -Djansi.passthrough=true -Dmaven.home=C:\Users\91993\.m2\wrapper\dists\apache-maven-3.9.9-bin\4nf9hui3q3djbarqar9g711ggc\apache-maven-3.9.9 -Dclassworlds.conf=C:\Users\91993\.m2\wrapper\dists\apache-maven-3.9.9-bin\4nf9hui3q3djbarqar9g711ggc\apache-maven-3.9.9\bin\m2.conf -Dmaven.ext.class.path=C:\Program Files\JetBrains\IntelliJ IDEA Community Edition 2024.2\plugins\maven\lib\maven-event-listener.jar -javaagent:C:\Program Files\JetBrains\IntelliJ IDEA Community Edition 2024.2\lib\idea_rt.jar=65107:C:\Program Files\JetBrains\IntelliJ IDEA Community Edition 2024.2\bin -Dfile.encoding=UTF-8 -Dsun.stdout.encoding=UTF-8 -Dsun.stderr.encoding=UTF-8 
java_command: org.codehaus.classworlds.Launcher -Didea.version=2024.2 install
java_class_path (initial): C:\Users\91993\.m2\wrapper\dists\apache-maven-3.9.9-bin\4nf9hui3q3djbarqar9g711ggc\apache-maven-3.9.9\boot\plexus-classworlds-2.8.0.jar;C:\Users\91993\.m2\wrapper\dists\apache-maven-3.9.9-bin\4nf9hui3q3djbarqar9g711ggc\apache-maven-3.9.9\boot\plexus-classworlds.license
Launcher Type: SUN_STANDARD

[Global flags]
     intx CICompilerCount                          = 3                                         {product} {ergonomic}
     uint ConcGCThreads                            = 1                                         {product} {ergonomic}
     uint G1ConcRefinementThreads                  = 4                                         {product} {ergonomic}
   size_t G1HeapRegionSize                         = 1048576                                   {product} {ergonomic}
   size_t InitialHeapSize                          = 58720256                                  {product} {ergonomic}
   size_t MarkStackSize                            = 4194304                                   {product} {ergonomic}
   size_t MarkStackSizeMax                         = 536870912                                 {product} {ergonomic}
   size_t MaxHeapSize                              = 922746880                                 {product} {ergonomic}
   size_t MaxNewSize                               = 553648128                                 {product} {ergonomic}
   size_t MinHeapDeltaBytes                        = 1048576                                   {product} {ergonomic}
   size_t MinHeapSize                              = 8388608                                   {product} {ergonomic}
    uintx NonNMethodCodeHeapSize                   = 5832704                                {pd product} {ergonomic}
    uintx NonProfiledCodeHeapSize                  = 122945536                              {pd product} {ergonomic}
    uintx ProfiledCodeHeapSize                     = 122880000                              {pd product} {ergonomic}
    uintx ReservedCodeCacheSize                    = 251658240                              {pd product} {ergonomic}
     bool SegmentedCodeCache                       = true                                      {product} {ergonomic}
   size_t SoftMaxHeapSize                          = 922746880                              {manageable} {ergonomic}
     bool UseCompressedOops                        = true                           {product lp64_product} {ergonomic}
     bool UseG1GC                                  = true                                      {product} {ergonomic}
     bool UseLargePagesIndividualAllocation        = false                                  {pd product} {ergonomic}

Logging:
Log output configuration:
 #0: stdout all=warning uptime,level,tags foldmultilines=false
 #1: stderr all=off uptime,level,tags foldmultilines=false

Environment Variables:
JAVA_HOME=C:\Program Files\Java\jdk-17
PATH=C:\Program Files\Common Files\Oracle\Java\javapath;C:\Python 3.8\Scripts\;C:\Python 3.8\;C:\WINDOWS\system32;C:\WINDOWS;C:\WINDOWS\System32\Wbem;C:\WINDOWS\System32\WindowsPowerShell\v1.0\;C:\WINDOWS\System32\OpenSSH\;C:\ProgramData\Microsoft\Windows\Start Menu\Programs\Node.js;C:\Program Files\nodejs;C:\Program Files\apache-maven-3.9.9\bin;C:\Program Files\Git\cmd;C:\Program Files\Java\jdk-17\bin;;C:\Program Files\Docker\Docker\resources\bin;C:\Program Files\MySQL\MySQL Shell 8.0\bin\;C:\Users\91993\AppData\Local\Microsoft\WindowsApps;C:\ProgramData\Microsoft\Windows\Start Menu\Programs\Python 3.8;C:\Python 3.8\Scripts;C:\Program Files\nodejs;C:\Users\91993\Downloads\ideaIC-2024.1.4.win\bin;C:\Program Files\Microsoft VS Code\bin;;H:\IntelliJ IDEA Community Edition 2024.1.4\bin;;C:\Program Files\heroku\bin
USERNAME=91993
OS=Windows_NT
PROCESSOR_IDENTIFIER=Intel64 Family 6 Model 142 Stepping 10, GenuineIntel
TMP=C:\Users\91993\AppData\Local\Temp
TEMP=C:\Users\91993\AppData\Local\Temp




Periodic native trim disabled

---------------  S Y S T E M  ---------------

OS:
 Windows 10 , 64 bit Build 19041 (10.0.19041.5198)
OS uptime: 10 days 7:41 hours
Hyper-V role detected

CPU: total 4 (initial active 4) (2 cores per cpu, 2 threads per core) family 6 model 142 stepping 10 microcode 0xd6, cx8, cmov, fxsr, ht, mmx, 3dnowpref, sse, sse2, sse3, ssse3, sse4.1, sse4.2, popcnt, lzcnt, tsc, tscinvbit, avx, avx2, aes, erms, clmul, bmi1, bmi2, adx, fma, vzeroupper, clflush, clflushopt, hv, rdtscp, f16c
Processor Information for the first 4 processors :
  Max Mhz: 2208, Current Mhz: 2208, Mhz Limit: 2208

Memory: 4k page, system-wide physical 3515M (101M free)
TotalPageFile size 14267M (AvailPageFile size 3M)
current process WorkingSet (physical memory assigned to process): 174M, peak: 180M
current process commit charge ("private bytes"): 337M, peak: 338M

vm_info: OpenJDK 64-Bit Server VM (23.0.1+11-39) for windows-amd64 JRE (23.0.1+11-39), built on 2024-09-30T07:20:43Z with MS VC++ 17.6 (VS2022)

END.
